[1101/232029.697:INFO:CONSOLE(123)] "Event handler of 'x-storagemutated-1' event must be added on the initial evaluation of worker script.", source: https://static.whatsapp.net/rsrc.php/v3/yH/r/A08yObAQ3N4.js (123)
[1101/232029.910:INFO:CONSOLE(0)] "Error with Permissions-Policy header: Feature xr-spatial-tracking's parameters are ignored.", source:  (0)
[1101/232029.910:INFO:CONSOLE(0)] "Error with Permissions-Policy header: Origin trial controlled feature not enabled: 'attribution-reporting'.", source:  (0)
[1101/232029.910:INFO:CONSOLE(0)] "Error with Permissions-Policy header: Unrecognized feature: 'compute-pressure'.", source:  (0)
[1101/232029.910:INFO:CONSOLE(0)] "Error with Permissions-Policy header: Origin trial controlled feature not enabled: 'interest-cohort'.", source:  (0)
[1101/232029.910:INFO:CONSOLE(0)] "Error with Permissions-Policy header: Unrecognized feature: 'private-state-token-issuance'.", source:  (0)
[1101/232029.910:INFO:CONSOLE(0)] "Error with Permissions-Policy header: Origin trial controlled feature not enabled: 'shared-storage'.", source:  (0)
[1101/232029.910:INFO:CONSOLE(0)] "Error with Permissions-Policy header: Unrecognized feature: 'shared-storage-select-url'.", source:  (0)
[1101/232029.910:INFO:CONSOLE(0)] "Error with Permissions-Policy header: Unrecognized feature: 'private-state-token-redemption'.", source:  (0)
[1101/232029.910:INFO:CONSOLE(0)] "Error with Permissions-Policy header: Unrecognized feature: 'unload'.", source:  (0)
[1101/232029.910:INFO:CONSOLE(0)] "Error with Permissions-Policy header: Unrecognized feature: 'window-management'.", source:  (0)
[1101/232514.648:INFO:CONSOLE(123)] "Event handler of 'x-storagemutated-1' event must be added on the initial evaluation of worker script.", source: https://static.whatsapp.net/rsrc.php/v3/yH/r/A08yObAQ3N4.js (123)
[1102/103243.474:INFO:CONSOLE(123)] "Event handler of 'x-storagemutated-1' event must be added on the initial evaluation of worker script.", source: https://static.whatsapp.net/rsrc.php/v3/yH/r/A08yObAQ3N4.js (123)
[1102/103617.123:INFO:CONSOLE(123)] "Event handler of 'x-storagemutated-1' event must be added on the initial evaluation of worker script.", source: https://static.whatsapp.net/rsrc.php/v3/yH/r/A08yObAQ3N4.js (123)
[1102/104534.111:INFO:CONSOLE(123)] "Event handler of 'x-storagemutated-1' event must be added on the initial evaluation of worker script.", source: https://static.whatsapp.net/rsrc.php/v3/yH/r/A08yObAQ3N4.js (123)
[1102/104721.023:INFO:CONSOLE(123)] "Event handler of 'x-storagemutated-1' event must be added on the initial evaluation of worker script.", source: https://static.whatsapp.net/rsrc.php/v3/yH/r/A08yObAQ3N4.js (123)
[1102/104829.803:INFO:CONSOLE(123)] "Event handler of 'x-storagemutated-1' event must be added on the initial evaluation of worker script.", source: https://static.whatsapp.net/rsrc.php/v3/yH/r/A08yObAQ3N4.js (123)
[1102/105031.180:INFO:CONSOLE(123)] "Event handler of 'x-storagemutated-1' event must be added on the initial evaluation of worker script.", source: https://static.whatsapp.net/rsrc.php/v3/yH/r/A08yObAQ3N4.js (123)
[1102/105137.020:INFO:CONSOLE(123)] "Event handler of 'x-storagemutated-1' event must be added on the initial evaluation of worker script.", source: https://static.whatsapp.net/rsrc.php/v3/yH/r/A08yObAQ3N4.js (123)
[1102/113243.635:INFO:CONSOLE(123)] "Event handler of 'x-storagemutated-1' event must be added on the initial evaluation of worker script.", source: https://static.whatsapp.net/rsrc.php/v3/yH/r/A08yObAQ3N4.js (123)
[1102/113248.077:WARNING:dns_config_service_win.cc(584)] Failed to read DnsConfig.
[1102/113253.096:WARNING:dns_config_service_win.cc(584)] Failed to read DnsConfig.
[1102/113303.106:WARNING:dns_config_service_win.cc(584)] Failed to read DnsConfig.
[1102/113323.116:WARNING:dns_config_service_win.cc(584)] Failed to read DnsConfig.
[1102/113753.362:INFO:CONSOLE(123)] "Event handler of 'x-storagemutated-1' event must be added on the initial evaluation of worker script.", source: https://static.whatsapp.net/rsrc.php/v3/yH/r/A08yObAQ3N4.js (123)
[1102/114339.040:INFO:CONSOLE(123)] "Event handler of 'x-storagemutated-1' event must be added on the initial evaluation of worker script.", source: https://static.whatsapp.net/rsrc.php/v3/yH/r/A08yObAQ3N4.js (123)
[1102/114809.214:WARNING:dns_config_service_win.cc(584)] Failed to read DnsConfig.
[1102/114818.234:INFO:CONSOLE(123)] "Event handler of 'x-storagemutated-1' event must be added on the initial evaluation of worker script.", source: https://static.whatsapp.net/rsrc.php/v3/yH/r/A08yObAQ3N4.js (123)
[1102/115335.860:INFO:CONSOLE(123)] "Event handler of 'x-storagemutated-1' event must be added on the initial evaluation of worker script.", source: https://static.whatsapp.net/rsrc.php/v3/yH/r/A08yObAQ3N4.js (123)
[1102/154932.389:INFO:CONSOLE(123)] "Event handler of 'x-storagemutated-1' event must be added on the initial evaluation of worker script.", source: https://static.whatsapp.net/rsrc.php/v3/yH/r/A08yObAQ3N4.js (123)
[1102/154947.319:INFO:CONSOLE(0)] "The FetchEvent for "https://media.fsub8-1.fna.whatsapp.net/v/t62.15575-24/25348131_921140479926692_6068045567072249608_n.enc?ccb=11-4&oh=01_Q5AaIB7btGyNQ7tZvjDSc4EJBIjAWwoaSRfSdIWlpwQS4Gbd&oe=674D12DA&_nc_sid=5e03e0&hash=rQ1BZYkY_RXC0QStmVG5cC624x-Qr6oLw4yHLRPZF1M%3D&_nc_cat=103&mode=auto&mms-type=sticker&__wa-mms=" resulted in a network error response: the promise was rejected.", source:  (0)
[1102/154947.319:INFO:CONSOLE(1635)] "Uncaught (in promise) TypeError: Failed to fetch", source: https://static.whatsapp.net/rsrc.php/v3/yH/r/A08yObAQ3N4.js (1635)
[1102/154947.331:INFO:CONSOLE(0)] "The FetchEvent for "https://media.fsub8-2.fna.whatsapp.net/v/t62.15575-24/25430095_1275247520496794_5136908792618350179_n.enc?ccb=11-4&oh=01_Q5AaIAKtEy-zzGQUFYQG8nIlMy2r4sRCErIxPDnnoKtPBE88&oe=674D1FC8&_nc_sid=5e03e0&hash=9QsMziBH1P_3GpIgjyWSjJ6si9fxHOPBOTs0hsoY4W0%3D&_nc_cat=105&mode=auto&mms-type=sticker&__wa-mms=" resulted in a network error response: the promise was rejected.", source:  (0)
[1102/154947.331:INFO:CONSOLE(1635)] "Uncaught (in promise) TypeError: Failed to fetch", source: https://static.whatsapp.net/rsrc.php/v3/yH/r/A08yObAQ3N4.js (1635)
[1102/154948.341:INFO:CONSOLE(0)] "The FetchEvent for "https://media.fsub8-1.fna.whatsapp.net/v/t62.15575-24/25348131_921140479926692_6068045567072249608_n.enc?ccb=11-4&oh=01_Q5AaIB7btGyNQ7tZvjDSc4EJBIjAWwoaSRfSdIWlpwQS4Gbd&oe=674D12DA&_nc_sid=5e03e0&hash=rQ1BZYkY_RXC0QStmVG5cC624x-Qr6oLw4yHLRPZF1M%3D&_nc_cat=103&mode=auto&mms-type=sticker&__wa-mms=" resulted in a network error response: the promise was rejected.", source:  (0)
[1102/154948.342:INFO:CONSOLE(0)] "The FetchEvent for "https://media.fsub8-2.fna.whatsapp.net/v/t62.15575-24/25430095_1275247520496794_5136908792618350179_n.enc?ccb=11-4&oh=01_Q5AaIAKtEy-zzGQUFYQG8nIlMy2r4sRCErIxPDnnoKtPBE88&oe=674D1FC8&_nc_sid=5e03e0&hash=9QsMziBH1P_3GpIgjyWSjJ6si9fxHOPBOTs0hsoY4W0%3D&_nc_cat=105&mode=auto&mms-type=sticker&__wa-mms=" resulted in a network error response: the promise was rejected.", source:  (0)
[1102/154948.342:INFO:CONSOLE(1635)] "Uncaught (in promise) TypeError: Failed to fetch", source: https://static.whatsapp.net/rsrc.php/v3/yH/r/A08yObAQ3N4.js (1635)
[1102/154948.342:INFO:CONSOLE(1635)] "Uncaught (in promise) TypeError: Failed to fetch", source: https://static.whatsapp.net/rsrc.php/v3/yH/r/A08yObAQ3N4.js (1635)
[1102/154950.343:INFO:CONSOLE(0)] "The FetchEvent for "https://media-sin6-4.cdn.whatsapp.net/v/t62.15575-24/25348131_921140479926692_6068045567072249608_n.enc?ccb=11-4&oh=01_Q5AaIB7btGyNQ7tZvjDSc4EJBIjAWwoaSRfSdIWlpwQS4Gbd&oe=674D12DA&_nc_sid=5e03e0&hash=rQ1BZYkY_RXC0QStmVG5cC624x-Qr6oLw4yHLRPZF1M%3D&mode=auto&mms-type=sticker&__wa-mms=" resulted in a network error response: the promise was rejected.", source:  (0)
[1102/154950.343:INFO:CONSOLE(0)] "The FetchEvent for "https://media-sin11-1.cdn.whatsapp.net/v/t62.15575-24/25430095_1275247520496794_5136908792618350179_n.enc?ccb=11-4&oh=01_Q5AaIAKtEy-zzGQUFYQG8nIlMy2r4sRCErIxPDnnoKtPBE88&oe=674D1FC8&_nc_sid=5e03e0&hash=9QsMziBH1P_3GpIgjyWSjJ6si9fxHOPBOTs0hsoY4W0%3D&mode=auto&mms-type=sticker&__wa-mms=" resulted in a network error response: the promise was rejected.", source:  (0)
[1102/154950.343:INFO:CONSOLE(1635)] "Uncaught (in promise) TypeError: Failed to fetch", source: https://static.whatsapp.net/rsrc.php/v3/yH/r/A08yObAQ3N4.js (1635)
[1102/154950.344:INFO:CONSOLE(1635)] "Uncaught (in promise) TypeError: Failed to fetch", source: https://static.whatsapp.net/rsrc.php/v3/yH/r/A08yObAQ3N4.js (1635)
[1102/160241.424:WARNING:dns_config_service_win.cc(584)] Failed to read DnsConfig.
[1102/160241.440:WARNING:dns_config_service_win.cc(584)] Failed to read DnsConfig.
